

Version:	3.50
CmdLine:	C:\Users\adrian.sanchez\IdeaProjects\Borrar_Backups_Manuales\out\artifacts\Borrar_Backups_Manuales_jar\Borrar_Backups_Manuales.exe --l4j-debug
JNI:		No
WOW64:		Yes
Working dir:	C:\Users\adrian.sanchez\IdeaProjects\Borrar_Backups_Manuales\out\artifacts\Borrar_Backups_Manuales_jar\.
Requires JDK:	No
Requires 64-Bit: No
Java min ver:	1.021.000
Java max ver:	
Substitute:	JAVA_HOME = 
Substitute:	PATH = C:\Program Files\Common Files\Oracle\Java\javapath;C:\Windows\system32;C:\Windows;C:\Windows\System32\Wbem;C:\Windows\System32\WindowsPowerShell\v1.0\;C:\Windows\System32\OpenSSH\;C:\Program Files (x86)\Microsoft SQL Server\160\DTS\Binn\;C:\Program Files\dotnet\;C:\Users\adrian.sanchez\AppData\Local\Microsoft\WindowsApps;;C:\Program Files\Java\jdk-21\bin
JRE paths:	;C:\Program Files\Common Files\Oracle\Java\javapath;C:\Windows\system32;C:\Windows;C:\Windows\System32\Wbem;C:\Windows\System32\WindowsPowerShell\v1.0\;C:\Windows\System32\OpenSSH\;C:\Program Files (x86)\Microsoft SQL Server\160\DTS\Binn\;C:\Program Files\dotnet\;C:\Users\adrian.sanchez\AppData\Local\Microsoft\WindowsApps;;C:\Program Files\Java\jdk-21\bin
Check launcher:	C:\Program Files\Common Files\Oracle\Java\javapath\bin\javaw.exe (not found)
Check launcher:	C:\Windows\system32\bin\javaw.exe (not found)
Check launcher:	C:\Windows\bin\javaw.exe (not found)
Check launcher:	C:\Windows\System32\Wbem\bin\javaw.exe (not found)
Check launcher:	C:\Windows\System32\WindowsPowerShell\v1.0\bin\javaw.exe (not found)
Check launcher:	C:\Windows\System32\OpenSSH\bin\javaw.exe (not found)
Check launcher:	C:\Program Files (x86)\Microsoft SQL Server\160\DTS\Binn\bin\javaw.exe (not found)
Check launcher:	C:\Program Files\dotnet\bin\javaw.exe (not found)
Check launcher:	C:\Users\adrian.sanchez\AppData\Local\Microsoft\WindowsApps\bin\javaw.exe (not found)
Check launcher:	C:\Program Files\Java\jdk-21\bin\javaw.exe (OK)
Version string: 1.021.000_006 / 64-Bit (OK)
Launcher:	C:\Program Files\Java\jdk-21\bin\javaw.exe
Launcher args:	-jar "C:\Users\adrian.sanchez\IdeaProjects\Borrar_Backups_Manuales\out\artifacts\Borrar_Backups_Manuales_jar\Borrar_Backups_Manuales.exe"
Args length:	137/32768 chars
Exit code:	0


Version:	3.50
CmdLine:	C:\Users\adrian.sanchez\IdeaProjects\Borrar_Backups_Manuales\out\artifacts\Borrar_Backups_Manuales_jar\Borrar_Backups_Manuales.exe --l4j-debug
JNI:		No
WOW64:		Yes
Working dir:	C:\Users\adrian.sanchez\IdeaProjects\Borrar_Backups_Manuales\out\artifacts\Borrar_Backups_Manuales_jar\.
Requires JDK:	No
Requires 64-Bit: No
Java min ver:	1.021.000
Java max ver:	
Substitute:	JAVA_HOME = 
Substitute:	PATH = C:\Program Files\Common Files\Oracle\Java\javapath;C:\Windows\system32;C:\Windows;C:\Windows\System32\Wbem;C:\Windows\System32\WindowsPowerShell\v1.0\;C:\Windows\System32\OpenSSH\;C:\Program Files (x86)\Microsoft SQL Server\160\DTS\Binn\;C:\Program Files\dotnet\;C:\Users\adrian.sanchez\AppData\Local\Microsoft\WindowsApps;;C:\Program Files\Java\jdk-21\bin
JRE paths:	;C:\Program Files\Common Files\Oracle\Java\javapath;C:\Windows\system32;C:\Windows;C:\Windows\System32\Wbem;C:\Windows\System32\WindowsPowerShell\v1.0\;C:\Windows\System32\OpenSSH\;C:\Program Files (x86)\Microsoft SQL Server\160\DTS\Binn\;C:\Program Files\dotnet\;C:\Users\adrian.sanchez\AppData\Local\Microsoft\WindowsApps;;C:\Program Files\Java\jdk-21\bin
Check launcher:	C:\Program Files\Common Files\Oracle\Java\javapath\bin\javaw.exe (not found)
Check launcher:	C:\Windows\system32\bin\javaw.exe (not found)
Check launcher:	C:\Windows\bin\javaw.exe (not found)
Check launcher:	C:\Windows\System32\Wbem\bin\javaw.exe (not found)
Check launcher:	C:\Windows\System32\WindowsPowerShell\v1.0\bin\javaw.exe (not found)
Check launcher:	C:\Windows\System32\OpenSSH\bin\javaw.exe (not found)
Check launcher:	C:\Program Files (x86)\Microsoft SQL Server\160\DTS\Binn\bin\javaw.exe (not found)
Check launcher:	C:\Program Files\dotnet\bin\javaw.exe (not found)
Check launcher:	C:\Users\adrian.sanchez\AppData\Local\Microsoft\WindowsApps\bin\javaw.exe (not found)
Check launcher:	C:\Program Files\Java\jdk-21\bin\javaw.exe (OK)
Version string: 1.021.000_006 / 64-Bit (OK)
Launcher:	C:\Program Files\Java\jdk-21\bin\javaw.exe
Launcher args:	-jar "C:\Users\adrian.sanchez\IdeaProjects\Borrar_Backups_Manuales\out\artifacts\Borrar_Backups_Manuales_jar\Borrar_Backups_Manuales.exe"
Args length:	137/32768 chars
Exit code:	0


Version:	3.50
CmdLine:	C:\Users\adrian.sanchez\IdeaProjects\Borrar_Backups_Manuales\out\artifacts\Borrar_Backups_Manuales_jar\Borrar_Backups_Manuales.exe --l4j-debug
JNI:		No
WOW64:		Yes
Working dir:	C:\Users\adrian.sanchez\IdeaProjects\Borrar_Backups_Manuales\out\artifacts\Borrar_Backups_Manuales_jar\.
Requires JDK:	No
Requires 64-Bit: No
Java min ver:	1.021.000
Java max ver:	
Substitute:	JAVA_HOME = 
Substitute:	PATH = C:\Program Files\Common Files\Oracle\Java\javapath;C:\Windows\system32;C:\Windows;C:\Windows\System32\Wbem;C:\Windows\System32\WindowsPowerShell\v1.0\;C:\Windows\System32\OpenSSH\;C:\Program Files (x86)\Microsoft SQL Server\160\DTS\Binn\;C:\Program Files\dotnet\;C:\Users\adrian.sanchez\AppData\Local\Microsoft\WindowsApps;;C:\Program Files\Java\jdk-21\bin
JRE paths:	;C:\Program Files\Common Files\Oracle\Java\javapath;C:\Windows\system32;C:\Windows;C:\Windows\System32\Wbem;C:\Windows\System32\WindowsPowerShell\v1.0\;C:\Windows\System32\OpenSSH\;C:\Program Files (x86)\Microsoft SQL Server\160\DTS\Binn\;C:\Program Files\dotnet\;C:\Users\adrian.sanchez\AppData\Local\Microsoft\WindowsApps;;C:\Program Files\Java\jdk-21\bin
Check launcher:	C:\Program Files\Common Files\Oracle\Java\javapath\bin\javaw.exe (not found)
Check launcher:	C:\Windows\system32\bin\javaw.exe (not found)
Check launcher:	C:\Windows\bin\javaw.exe (not found)
Check launcher:	C:\Windows\System32\Wbem\bin\javaw.exe (not found)
Check launcher:	C:\Windows\System32\WindowsPowerShell\v1.0\bin\javaw.exe (not found)
Check launcher:	C:\Windows\System32\OpenSSH\bin\javaw.exe (not found)
Check launcher:	C:\Program Files (x86)\Microsoft SQL Server\160\DTS\Binn\bin\javaw.exe (not found)
Check launcher:	C:\Program Files\dotnet\bin\javaw.exe (not found)
Check launcher:	C:\Users\adrian.sanchez\AppData\Local\Microsoft\WindowsApps\bin\javaw.exe (not found)
Check launcher:	C:\Program Files\Java\jdk-21\bin\javaw.exe (OK)
Version string: 1.021.000_006 / 64-Bit (OK)
Launcher:	C:\Program Files\Java\jdk-21\bin\javaw.exe
Launcher args:	-jar "C:\Users\adrian.sanchez\IdeaProjects\Borrar_Backups_Manuales\out\artifacts\Borrar_Backups_Manuales_jar\Borrar_Backups_Manuales.exe"
Args length:	137/32768 chars
Exit code:	0


Version:	3.50
CmdLine:	C:\Users\adrian.sanchez\IdeaProjects\Borrar_Backups_Manuales\out\artifacts\Borrar_Backups_Manuales_jar\Borrar_Backups_Manuales.exe --l4j-debug
JNI:		No
WOW64:		Yes
Working dir:	C:\Users\adrian.sanchez\IdeaProjects\Borrar_Backups_Manuales\out\artifacts\Borrar_Backups_Manuales_jar\.
Requires JDK:	No
Requires 64-Bit: No
Java min ver:	1.021.000
Java max ver:	
Substitute:	JAVA_HOME = 
Substitute:	PATH = C:\Program Files\Common Files\Oracle\Java\javapath;C:\Windows\system32;C:\Windows;C:\Windows\System32\Wbem;C:\Windows\System32\WindowsPowerShell\v1.0\;C:\Windows\System32\OpenSSH\;C:\Program Files (x86)\Microsoft SQL Server\160\DTS\Binn\;C:\Program Files\dotnet\;C:\Users\adrian.sanchez\AppData\Local\Microsoft\WindowsApps;;C:\Program Files\Java\jdk-21\bin
JRE paths:	;C:\Program Files\Common Files\Oracle\Java\javapath;C:\Windows\system32;C:\Windows;C:\Windows\System32\Wbem;C:\Windows\System32\WindowsPowerShell\v1.0\;C:\Windows\System32\OpenSSH\;C:\Program Files (x86)\Microsoft SQL Server\160\DTS\Binn\;C:\Program Files\dotnet\;C:\Users\adrian.sanchez\AppData\Local\Microsoft\WindowsApps;;C:\Program Files\Java\jdk-21\bin
Check launcher:	C:\Program Files\Common Files\Oracle\Java\javapath\bin\javaw.exe (not found)
Check launcher:	C:\Windows\system32\bin\javaw.exe (not found)
Check launcher:	C:\Windows\bin\javaw.exe (not found)
Check launcher:	C:\Windows\System32\Wbem\bin\javaw.exe (not found)
Check launcher:	C:\Windows\System32\WindowsPowerShell\v1.0\bin\javaw.exe (not found)
Check launcher:	C:\Windows\System32\OpenSSH\bin\javaw.exe (not found)
Check launcher:	C:\Program Files (x86)\Microsoft SQL Server\160\DTS\Binn\bin\javaw.exe (not found)
Check launcher:	C:\Program Files\dotnet\bin\javaw.exe (not found)
Check launcher:	C:\Users\adrian.sanchez\AppData\Local\Microsoft\WindowsApps\bin\javaw.exe (not found)
Check launcher:	C:\Program Files\Java\jdk-21\bin\javaw.exe (OK)
Version string: 1.021.000_006 / 64-Bit (OK)
Launcher:	C:\Program Files\Java\jdk-21\bin\javaw.exe
Launcher args:	-jar "C:\Users\adrian.sanchez\IdeaProjects\Borrar_Backups_Manuales\out\artifacts\Borrar_Backups_Manuales_jar\Borrar_Backups_Manuales.exe"
Args length:	137/32768 chars
Exit code:	0


Version:	3.50
CmdLine:	C:\Users\adrian.sanchez\IdeaProjects\Borrar_Backups_Manuales\out\artifacts\Borrar_Backups_Manuales_jar\Borrar_Backups_Manuales.exe --l4j-debug
JNI:		No
WOW64:		Yes
Working dir:	C:\Users\adrian.sanchez\IdeaProjects\Borrar_Backups_Manuales\out\artifacts\Borrar_Backups_Manuales_jar\.
Requires JDK:	No
Requires 64-Bit: No
Java min ver:	1.021.000
Java max ver:	
Substitute:	JAVA_HOME = 
Substitute:	PATH = C:\Program Files\Common Files\Oracle\Java\javapath;C:\Windows\system32;C:\Windows;C:\Windows\System32\Wbem;C:\Windows\System32\WindowsPowerShell\v1.0\;C:\Windows\System32\OpenSSH\;C:\Program Files (x86)\Microsoft SQL Server\160\DTS\Binn\;C:\Program Files\dotnet\;C:\Users\adrian.sanchez\AppData\Local\Microsoft\WindowsApps;;C:\Program Files\Java\jdk-21\bin
JRE paths:	;C:\Program Files\Common Files\Oracle\Java\javapath;C:\Windows\system32;C:\Windows;C:\Windows\System32\Wbem;C:\Windows\System32\WindowsPowerShell\v1.0\;C:\Windows\System32\OpenSSH\;C:\Program Files (x86)\Microsoft SQL Server\160\DTS\Binn\;C:\Program Files\dotnet\;C:\Users\adrian.sanchez\AppData\Local\Microsoft\WindowsApps;;C:\Program Files\Java\jdk-21\bin
Check launcher:	C:\Program Files\Common Files\Oracle\Java\javapath\bin\javaw.exe (not found)
Check launcher:	C:\Windows\system32\bin\javaw.exe (not found)
Check launcher:	C:\Windows\bin\javaw.exe (not found)
Check launcher:	C:\Windows\System32\Wbem\bin\javaw.exe (not found)
Check launcher:	C:\Windows\System32\WindowsPowerShell\v1.0\bin\javaw.exe (not found)
Check launcher:	C:\Windows\System32\OpenSSH\bin\javaw.exe (not found)
Check launcher:	C:\Program Files (x86)\Microsoft SQL Server\160\DTS\Binn\bin\javaw.exe (not found)
Check launcher:	C:\Program Files\dotnet\bin\javaw.exe (not found)
Check launcher:	C:\Users\adrian.sanchez\AppData\Local\Microsoft\WindowsApps\bin\javaw.exe (not found)
Check launcher:	C:\Program Files\Java\jdk-21\bin\javaw.exe (OK)
Version string: 1.021.000_006 / 64-Bit (OK)
Launcher:	C:\Program Files\Java\jdk-21\bin\javaw.exe
Launcher args:	-jar "C:\Users\adrian.sanchez\IdeaProjects\Borrar_Backups_Manuales\out\artifacts\Borrar_Backups_Manuales_jar\Borrar_Backups_Manuales.exe"
Args length:	137/32768 chars
Exit code:	0


Version:	3.50
CmdLine:	C:\Users\adrian.sanchez\IdeaProjects\Borrar_Backups_Manuales\out\artifacts\Borrar_Backups_Manuales_jar\Borrar_Backups_Manuales.exe --l4j-debug
JNI:		No
WOW64:		Yes
Working dir:	C:\Users\adrian.sanchez\IdeaProjects\Borrar_Backups_Manuales\out\artifacts\Borrar_Backups_Manuales_jar\.
Requires JDK:	No
Requires 64-Bit: No
Java min ver:	1.021.000
Java max ver:	
Substitute:	JAVA_HOME = 
Substitute:	PATH = C:\Program Files\Common Files\Oracle\Java\javapath;C:\Windows\system32;C:\Windows;C:\Windows\System32\Wbem;C:\Windows\System32\WindowsPowerShell\v1.0\;C:\Windows\System32\OpenSSH\;C:\Program Files (x86)\Microsoft SQL Server\160\DTS\Binn\;C:\Program Files\dotnet\;C:\Users\adrian.sanchez\AppData\Local\Microsoft\WindowsApps;;C:\Program Files\Java\jdk-21\bin
JRE paths:	;C:\Program Files\Common Files\Oracle\Java\javapath;C:\Windows\system32;C:\Windows;C:\Windows\System32\Wbem;C:\Windows\System32\WindowsPowerShell\v1.0\;C:\Windows\System32\OpenSSH\;C:\Program Files (x86)\Microsoft SQL Server\160\DTS\Binn\;C:\Program Files\dotnet\;C:\Users\adrian.sanchez\AppData\Local\Microsoft\WindowsApps;;C:\Program Files\Java\jdk-21\bin
Check launcher:	C:\Program Files\Common Files\Oracle\Java\javapath\bin\javaw.exe (not found)
Check launcher:	C:\Windows\system32\bin\javaw.exe (not found)
Check launcher:	C:\Windows\bin\javaw.exe (not found)
Check launcher:	C:\Windows\System32\Wbem\bin\javaw.exe (not found)
Check launcher:	C:\Windows\System32\WindowsPowerShell\v1.0\bin\javaw.exe (not found)
Check launcher:	C:\Windows\System32\OpenSSH\bin\javaw.exe (not found)
Check launcher:	C:\Program Files (x86)\Microsoft SQL Server\160\DTS\Binn\bin\javaw.exe (not found)
Check launcher:	C:\Program Files\dotnet\bin\javaw.exe (not found)
Check launcher:	C:\Users\adrian.sanchez\AppData\Local\Microsoft\WindowsApps\bin\javaw.exe (not found)
Check launcher:	C:\Program Files\Java\jdk-21\bin\javaw.exe (OK)
Version string: 1.021.000_006 / 64-Bit (OK)
Launcher:	C:\Program Files\Java\jdk-21\bin\javaw.exe
Launcher args:	-jar "C:\Users\adrian.sanchez\IdeaProjects\Borrar_Backups_Manuales\out\artifacts\Borrar_Backups_Manuales_jar\Borrar_Backups_Manuales.exe"
Args length:	137/32768 chars
Exit code:	0


Version:	3.50
CmdLine:	C:\Users\adrian.sanchez\IdeaProjects\Borrar_Backups_Manuales\out\artifacts\Borrar_Backups_Manuales_jar\Borrar_Backups_Manuales.exe --l4j-debug
JNI:		No
WOW64:		Yes
Working dir:	C:\Users\adrian.sanchez\IdeaProjects\Borrar_Backups_Manuales\out\artifacts\Borrar_Backups_Manuales_jar\.
Requires JDK:	No
Requires 64-Bit: No
Java min ver:	1.021.000
Java max ver:	
Substitute:	JAVA_HOME = 
Substitute:	PATH = C:\Program Files\Common Files\Oracle\Java\javapath;C:\Windows\system32;C:\Windows;C:\Windows\System32\Wbem;C:\Windows\System32\WindowsPowerShell\v1.0\;C:\Windows\System32\OpenSSH\;C:\Program Files (x86)\Microsoft SQL Server\160\DTS\Binn\;C:\Program Files\dotnet\;C:\Users\adrian.sanchez\AppData\Local\Microsoft\WindowsApps;;C:\Program Files\Java\jdk-21\bin
JRE paths:	;C:\Program Files\Common Files\Oracle\Java\javapath;C:\Windows\system32;C:\Windows;C:\Windows\System32\Wbem;C:\Windows\System32\WindowsPowerShell\v1.0\;C:\Windows\System32\OpenSSH\;C:\Program Files (x86)\Microsoft SQL Server\160\DTS\Binn\;C:\Program Files\dotnet\;C:\Users\adrian.sanchez\AppData\Local\Microsoft\WindowsApps;;C:\Program Files\Java\jdk-21\bin
Check launcher:	C:\Program Files\Common Files\Oracle\Java\javapath\bin\javaw.exe (not found)
Check launcher:	C:\Windows\system32\bin\javaw.exe (not found)
Check launcher:	C:\Windows\bin\javaw.exe (not found)
Check launcher:	C:\Windows\System32\Wbem\bin\javaw.exe (not found)
Check launcher:	C:\Windows\System32\WindowsPowerShell\v1.0\bin\javaw.exe (not found)
Check launcher:	C:\Windows\System32\OpenSSH\bin\javaw.exe (not found)
Check launcher:	C:\Program Files (x86)\Microsoft SQL Server\160\DTS\Binn\bin\javaw.exe (not found)
Check launcher:	C:\Program Files\dotnet\bin\javaw.exe (not found)
Check launcher:	C:\Users\adrian.sanchez\AppData\Local\Microsoft\WindowsApps\bin\javaw.exe (not found)
Check launcher:	C:\Program Files\Java\jdk-21\bin\javaw.exe (OK)
Version string: 1.021.000_006 / 64-Bit (OK)
Launcher:	C:\Program Files\Java\jdk-21\bin\javaw.exe
Launcher args:	-jar "C:\Users\adrian.sanchez\IdeaProjects\Borrar_Backups_Manuales\out\artifacts\Borrar_Backups_Manuales_jar\Borrar_Backups_Manuales.exe"
Args length:	137/32768 chars
Exit code:	0
